<?xml version="1.0" encoding="UTF-8"?>
<!-- Generated by org.testng.reporters.JUnitReportReporter -->
<testsuite hostname="EPINHYDW0E17" failures="0" tests="2" name="Test01_GET" time="2.102" errors="0" timestamp="2022-04-04T10:41:26 IST" skipped="0">
  <testcase classname="Test01_GET" name="test_02" time="0.222"/>
  <system-out/>
  <testcase classname="Test01_GET" name="test_01" time="1.880"/>
  <system-out/>
</testsuite> <!-- Test01_GET -->
